[debug] [2023-08-02T16:58:45.854Z] ----------------------------------------------------------------------
[debug] [2023-08-02T16:58:45.856Z] Command:       C:\Program Files\nodejs\node.exe C:\Users\my pc\AppData\Roaming\npm\node_modules\firebase-tools\lib\bin\firebase.js init
[debug] [2023-08-02T16:58:45.857Z] CLI Version:   12.4.6
[debug] [2023-08-02T16:58:45.857Z] Platform:      win32
[debug] [2023-08-02T16:58:45.858Z] Node Version:  v18.16.1
[debug] [2023-08-02T16:58:45.859Z] Time:          Wed Aug 02 2023 22:28:45 GMT+0530 (India Standard Time)
[debug] [2023-08-02T16:58:45.859Z] ----------------------------------------------------------------------
[debug] 
[debug] [2023-08-02T16:58:45.872Z] > command requires scopes: ["email","openid","https://www.googleapis.com/auth/cloudplatformprojects.readonly","https://www.googleapis.com/auth/firebase","https://www.googleapis.com/auth/cloud-platform"]
[debug] [2023-08-02T16:58:45.873Z] > authorizing via signed-in user (prakashgavel1000@gmail.com)
[info] 
     ######## #### ########  ######## ########     ###     ######  ########
     ##        ##  ##     ## ##       ##     ##  ##   ##  ##       ##
     ######    ##  ########  ######   ########  #########  ######  ######
     ##        ##  ##    ##  ##       ##     ## ##     ##       ## ##
     ##       #### ##     ## ######## ########  ##     ##  ######  ########

You're about to initialize a Firebase project in this directory:

  C:\Users\my pc\Downloads\Fall sem 2023-24, 7th sem\lucryptonodes\react-crypto-tracker

[info] 
=== Project Setup
[info] 
[info] First, let's associate this project directory with a Firebase project.
[info] You can create multiple project aliases by running firebase use --add, 
[info] but for now we'll just set up a default project.
[info] 
[debug] [2023-08-02T16:59:01.638Z] > refreshing access token with scopes: []
[debug] [2023-08-02T16:59:01.645Z] >>> [apiv2][query] POST https://www.googleapis.com/oauth2/v3/token [none]
[debug] [2023-08-02T16:59:01.646Z] >>> [apiv2][body] POST https://www.googleapis.com/oauth2/v3/token [omitted]
[debug] [2023-08-02T16:59:01.871Z] <<< [apiv2][status] POST https://www.googleapis.com/oauth2/v3/token 400
[debug] [2023-08-02T16:59:01.871Z] <<< [apiv2][body] POST https://www.googleapis.com/oauth2/v3/token [omitted]
[debug] [2023-08-02T16:59:01.875Z] >>> [apiv2][query] GET https://firebase.googleapis.com/v1beta1/projects pageSize=100
[debug] [2023-08-02T16:59:02.264Z] <<< [apiv2][status] GET https://firebase.googleapis.com/v1beta1/projects 401
[debug] [2023-08-02T16:59:02.264Z] <<< [apiv2][body] GET https://firebase.googleapis.com/v1beta1/projects [omitted]
[debug] [2023-08-02T16:59:02.267Z] HTTP Error: 401, Request had invalid authentication credentials. Expected OAuth 2 access token, login cookie or other valid authentication credential. See https://developers.google.com/identity/sign-in/web/devconsole-project.
[debug] [2023-08-02T16:59:02.405Z] FirebaseError: HTTP Error: 401, Request had invalid authentication credentials. Expected OAuth 2 access token, login cookie or other valid authentication credential. See https://developers.google.com/identity/sign-in/web/devconsole-project.
    at responseToError (C:\Users\my pc\AppData\Roaming\npm\node_modules\firebase-tools\lib\responseToError.js:49:12)
    at RetryOperation._fn (C:\Users\my pc\AppData\Roaming\npm\node_modules\firebase-tools\lib\apiv2.js:285:77)
    at process.processTicksAndRejections (node:internal/process/task_queues:95:5)
[error] 
[error] Error: Failed to list Firebase projects. See firebase-debug.log for more info.
[debug] [2023-08-02T17:25:39.506Z] ----------------------------------------------------------------------
[debug] [2023-08-02T17:25:39.510Z] Command:       C:\Program Files\nodejs\node.exe C:\Users\my pc\AppData\Roaming\npm\node_modules\firebase-tools\lib\bin\firebase.js --debug emulators:start
[debug] [2023-08-02T17:25:39.511Z] CLI Version:   12.4.6
[debug] [2023-08-02T17:25:39.511Z] Platform:      win32
[debug] [2023-08-02T17:25:39.512Z] Node Version:  v18.16.1
[debug] [2023-08-02T17:25:39.514Z] Time:          Wed Aug 02 2023 22:55:39 GMT+0530 (India Standard Time)
[debug] [2023-08-02T17:25:39.515Z] ----------------------------------------------------------------------
[debug] 
[debug] [2023-08-02T17:25:39.609Z] > command requires scopes: ["email","openid","https://www.googleapis.com/auth/cloudplatformprojects.readonly","https://www.googleapis.com/auth/firebase","https://www.googleapis.com/auth/cloud-platform"]
[debug] [2023-08-02T17:25:39.613Z] > authorizing via signed-in user (prakashgavel1000@gmail.com)
[error] 
[error] Error: Not in a Firebase app directory (could not locate firebase.json)
